{"name": "adding duplicate user role and checking the error user role already exists", "status": "broken", "statusDetails": {"message": "selenium.common.exceptions.ElementClickInterceptedException: Message: element click intercepted: Element <a _ngcontent-oyc-c204=\"\" routerlink=\"/settings/user-management/user-roles/onboard\" ng-reflect-router-link=\"/settings/user-management/user\" href=\"/settings/user-management/user-roles/onboard\">...</a> is not clickable at point (1414, 71). Other element would receive the click: <p _ngcontent-oyc-c152=\"\" class=\"text-sm text-gray-500 ng-tns-c152-0\">...</p>\n  (Session info: chrome=117.0.5938.92)\nStacktrace:\n\tGetHandleVerifier [0x00007FF6BAB77892+54818]\n\t(No symbol) [0x00007FF6BAAE6AC2]\n\t(No symbol) [0x00007FF6BA99DA3B]\n\t(No symbol) [0x00007FF6BA9E47CB]\n\t(No symbol) [0x00007FF6BA9E2B99]\n\t(No symbol) [0x00007FF6BA9E0968]\n\t(No symbol) [0x00007FF6BA9DFA23]\n\t(No symbol) [0x00007FF6BA9D571F]\n\t(No symbol) [0x00007FF6BA9FEAAA]\n\t(No symbol) [0x00007FF6BA9D5036]\n\t(No symbol) [0x00007FF6BA9FECC0]\n\t(No symbol) [0x00007FF6BAA175A2]\n\t(No symbol) [0x00007FF6BA9FE883]\n\t(No symbol) [0x00007FF6BA9D3691]\n\t(No symbol) [0x00007FF6BA9D48D4]\n\tGetHandleVerifier [0x00007FF6BAEDB992+3610402]\n\tGetHandleVerifier [0x00007FF6BAF31860+3962352]\n\tGetHandleVerifier [0x00007FF6BAF29D4F+3930847]\n\tGetHandleVerifier [0x00007FF6BAC13646+693206]\n\t(No symbol) [0x00007FF6BAAF1628]\n\t(No symbol) [0x00007FF6BAAED934]\n\t(No symbol) [0x00007FF6BAAEDA62]\n\t(No symbol) [0x00007FF6BAADE113]\n\tBaseThreadInitThunk [0x00007FFEE1EE257D+29]\n\tRtlUserThreadStart [0x00007FFEE252AA68+40]\n\n", "trace": "  File \"C:\\Users\\abzalhussain\\PycharmProjects\\propflo_userRoles\\venv\\Lib\\site-packages\\behave\\model.py\", line 1329, in run\n    match.run(runner.context)\n  File \"C:\\Users\\abzalhussain\\PycharmProjects\\propflo_userRoles\\venv\\Lib\\site-packages\\behave\\matchers.py\", line 98, in run\n    self.func(context, *args, **kwargs)\n  File \"features\\steps\\UserRoles.py\", line 23, in step_impl\n    context.URP.click_create_user_role_button()\n  File \"C:\\Users\\abzalhussain\\PycharmProjects\\propflo_userRoles\\Pages\\UserRolesPage.py\", line 234, in click_create_user_role_button\n    self.driver.find_element(By.XPATH, self.CREATE_USER_ROLE_BUTTON).click()\n  File \"C:\\Users\\abzalhussain\\AppData\\Local\\Programs\\Python\\Python311\\Lib\\site-packages\\selenium\\webdriver\\remote\\webelement.py\", line 94, in click\n    self._execute(Command.CLICK_ELEMENT)\n  File \"C:\\Users\\abzalhussain\\AppData\\Local\\Programs\\Python\\Python311\\Lib\\site-packages\\selenium\\webdriver\\remote\\webelement.py\", line 395, in _execute\n    return self._parent.execute(command, params)\n           ^^^^^^^^^^^^^^^^^^^^^^^^^^^^^^^^^^^^^\n  File \"C:\\Users\\abzalhussain\\AppData\\Local\\Programs\\Python\\Python311\\Lib\\site-packages\\selenium\\webdriver\\remote\\webdriver.py\", line 345, in execute\n    self.error_handler.check_response(response)\n  File \"C:\\Users\\abzalhussain\\AppData\\Local\\Programs\\Python\\Python311\\Lib\\site-packages\\selenium\\webdriver\\remote\\errorhandler.py\", line 229, in check_response\n    raise exception_class(message, screen, stacktrace)\n"}, "steps": [{"name": "When click create user role button", "status": "broken", "statusDetails": {"message": "selenium.common.exceptions.ElementClickInterceptedException: Message: element click intercepted: Element <a _ngcontent-oyc-c204=\"\" routerlink=\"/settings/user-management/user-roles/onboard\" ng-reflect-router-link=\"/settings/user-management/user\" href=\"/settings/user-management/user-roles/onboard\">...</a> is not clickable at point (1414, 71). Other element would receive the click: <p _ngcontent-oyc-c152=\"\" class=\"text-sm text-gray-500 ng-tns-c152-0\">...</p>\n  (Session info: chrome=117.0.5938.92)\nStacktrace:\n\tGetHandleVerifier [0x00007FF6BAB77892+54818]\n\t(No symbol) [0x00007FF6BAAE6AC2]\n\t(No symbol) [0x00007FF6BA99DA3B]\n\t(No symbol) [0x00007FF6BA9E47CB]\n\t(No symbol) [0x00007FF6BA9E2B99]\n\t(No symbol) [0x00007FF6BA9E0968]\n\t(No symbol) [0x00007FF6BA9DFA23]\n\t(No symbol) [0x00007FF6BA9D571F]\n\t(No symbol) [0x00007FF6BA9FEAAA]\n\t(No symbol) [0x00007FF6BA9D5036]\n\t(No symbol) [0x00007FF6BA9FECC0]\n\t(No symbol) [0x00007FF6BAA175A2]\n\t(No symbol) [0x00007FF6BA9FE883]\n\t(No symbol) [0x00007FF6BA9D3691]\n\t(No symbol) [0x00007FF6BA9D48D4]\n\tGetHandleVerifier [0x00007FF6BAEDB992+3610402]\n\tGetHandleVerifier [0x00007FF6BAF31860+3962352]\n\tGetHandleVerifier [0x00007FF6BAF29D4F+3930847]\n\tGetHandleVerifier [0x00007FF6BAC13646+693206]\n\t(No symbol) [0x00007FF6BAAF1628]\n\t(No symbol) [0x00007FF6BAAED934]\n\t(No symbol) [0x00007FF6BAAEDA62]\n\t(No symbol) [0x00007FF6BAADE113]\n\tBaseThreadInitThunk [0x00007FFEE1EE257D+29]\n\tRtlUserThreadStart [0x00007FFEE252AA68+40]\n\n", "trace": "  File \"C:\\Users\\abzalhussain\\PycharmProjects\\propflo_userRoles\\venv\\Lib\\site-packages\\behave\\model.py\", line 1329, in run\n    match.run(runner.context)\n  File \"C:\\Users\\abzalhussain\\PycharmProjects\\propflo_userRoles\\venv\\Lib\\site-packages\\behave\\matchers.py\", line 98, in run\n    self.func(context, *args, **kwargs)\n  File \"features\\steps\\UserRoles.py\", line 23, in step_impl\n    context.URP.click_create_user_role_button()\n  File \"C:\\Users\\abzalhussain\\PycharmProjects\\propflo_userRoles\\Pages\\UserRolesPage.py\", line 234, in click_create_user_role_button\n    self.driver.find_element(By.XPATH, self.CREATE_USER_ROLE_BUTTON).click()\n  File \"C:\\Users\\abzalhussain\\AppData\\Local\\Programs\\Python\\Python311\\Lib\\site-packages\\selenium\\webdriver\\remote\\webelement.py\", line 94, in click\n    self._execute(Command.CLICK_ELEMENT)\n  File \"C:\\Users\\abzalhussain\\AppData\\Local\\Programs\\Python\\Python311\\Lib\\site-packages\\selenium\\webdriver\\remote\\webelement.py\", line 395, in _execute\n    return self._parent.execute(command, params)\n           ^^^^^^^^^^^^^^^^^^^^^^^^^^^^^^^^^^^^^\n  File \"C:\\Users\\abzalhussain\\AppData\\Local\\Programs\\Python\\Python311\\Lib\\site-packages\\selenium\\webdriver\\remote\\webdriver.py\", line 345, in execute\n    self.error_handler.check_response(response)\n  File \"C:\\Users\\abzalhussain\\AppData\\Local\\Programs\\Python\\Python311\\Lib\\site-packages\\selenium\\webdriver\\remote\\errorhandler.py\", line 229, in check_response\n    raise exception_class(message, screen, stacktrace)\n"}, "attachments": [{"name": "failed_screenshot", "source": "4108cedd-747a-4b41-8299-4090bb8f1343-attachment.png", "type": "image/png"}], "start": 1695904450735, "stop": 1695904451957}, {"name": "And fill user role realted details", "status": "skipped", "start": 1695904451958, "stop": 1695904451958}, {"name": "And select Access rights", "status": "skipped", "start": 1695904451958, "stop": 1695904451958}, {"name": "And click save button", "status": "skipped", "start": 1695904451958, "stop": 1695904451958}, {"name": "Then validate error of user role already exists", "status": "skipped", "start": 1695904451958, "stop": 1695904451958}], "start": 1695904450728, "stop": 1695904451958, "uuid": "b6f4990d-3333-4f15-907b-e8083bdee2dd", "historyId": "054100e1e6a9909172f380f70040f44e", "fullName": "performing different operations and validating in user roles section: adding duplicate user role and checking the error user role already exists", "labels": [{"name": "severity", "value": "normal"}, {"name": "tag", "value": "u"}, {"name": "feature", "value": "performing different operations and validating in user roles section"}, {"name": "framework", "value": "behave"}, {"name": "language", "value": "cpython3"}]}