{"name": "Add reporties to enable user and validate", "status": "broken", "statusDetails": {"message": "selenium.common.exceptions.ElementClickInterceptedException: Message: element click intercepted: Element <svg _ngcontent-riu-c188=\"\" fill=\"none\" viewBox=\"0 0 24 24\" stroke-width=\"1.5\" stroke=\"currentColor\" class=\"w-6 h-6\">...</svg> is not clickable at point (1431, 147). Other element would receive the click: <svg _ngcontent-riu-c188=\"\" xmlns=\"http://www.w3.org/2000/svg\" fill=\"none\" viewBox=\"0 0 24 24\" stroke-width=\"1.5\" stroke=\"currentColor\" class=\"w-6 h-6\">...</svg>\n  (Session info: chrome=117.0.5938.92)\nStacktrace:\n\tGetHandleVerifier [0x00007FF6BAB77892+54818]\n\t(No symbol) [0x00007FF6BAAE6AC2]\n\t(No symbol) [0x00007FF6BA99DA3B]\n\t(No symbol) [0x00007FF6BA9E47CB]\n\t(No symbol) [0x00007FF6BA9E2B99]\n\t(No symbol) [0x00007FF6BA9E0968]\n\t(No symbol) [0x00007FF6BA9DFA23]\n\t(No symbol) [0x00007FF6BA9D571F]\n\t(No symbol) [0x00007FF6BA9FEAAA]\n\t(No symbol) [0x00007FF6BA9D5036]\n\t(No symbol) [0x00007FF6BA9FECC0]\n\t(No symbol) [0x00007FF6BAA175A2]\n\t(No symbol) [0x00007FF6BA9FE883]\n\t(No symbol) [0x00007FF6BA9D3691]\n\t(No symbol) [0x00007FF6BA9D48D4]\n\tGetHandleVerifier [0x00007FF6BAEDB992+3610402]\n\tGetHandleVerifier [0x00007FF6BAF31860+3962352]\n\tGetHandleVerifier [0x00007FF6BAF29D4F+3930847]\n\tGetHandleVerifier [0x00007FF6BAC13646+693206]\n\t(No symbol) [0x00007FF6BAAF1628]\n\t(No symbol) [0x00007FF6BAAED934]\n\t(No symbol) [0x00007FF6BAAEDA62]\n\t(No symbol) [0x00007FF6BAADE113]\n\tBaseThreadInitThunk [0x00007FFEE1EE257D+29]\n\tRtlUserThreadStart [0x00007FFEE252AA68+40]\n\n", "trace": "  File \"C:\\Users\\abzalhussain\\PycharmProjects\\propflo_userRoles\\venv\\Lib\\site-packages\\behave\\model.py\", line 1329, in run\n    match.run(runner.context)\n  File \"C:\\Users\\abzalhussain\\PycharmProjects\\propflo_userRoles\\venv\\Lib\\site-packages\\behave\\matchers.py\", line 98, in run\n    self.func(context, *args, **kwargs)\n  File \"features\\steps\\Users.py\", line 416, in step_impl\n    context.driver.find_element(By.XPATH, f\"//table/tbody/tr[{j}]/td[6]/div/*\").click()\n  File \"C:\\Users\\abzalhussain\\AppData\\Local\\Programs\\Python\\Python311\\Lib\\site-packages\\selenium\\webdriver\\remote\\webelement.py\", line 94, in click\n    self._execute(Command.CLICK_ELEMENT)\n  File \"C:\\Users\\abzalhussain\\AppData\\Local\\Programs\\Python\\Python311\\Lib\\site-packages\\selenium\\webdriver\\remote\\webelement.py\", line 395, in _execute\n    return self._parent.execute(command, params)\n           ^^^^^^^^^^^^^^^^^^^^^^^^^^^^^^^^^^^^^\n  File \"C:\\Users\\abzalhussain\\AppData\\Local\\Programs\\Python\\Python311\\Lib\\site-packages\\selenium\\webdriver\\remote\\webdriver.py\", line 345, in execute\n    self.error_handler.check_response(response)\n  File \"C:\\Users\\abzalhussain\\AppData\\Local\\Programs\\Python\\Python311\\Lib\\site-packages\\selenium\\webdriver\\remote\\errorhandler.py\", line 229, in check_response\n    raise exception_class(message, screen, stacktrace)\n"}, "steps": [{"name": "When click on add reporties on user role whose status is enabled", "status": "broken", "statusDetails": {"message": "selenium.common.exceptions.ElementClickInterceptedException: Message: element click intercepted: Element <svg _ngcontent-riu-c188=\"\" fill=\"none\" viewBox=\"0 0 24 24\" stroke-width=\"1.5\" stroke=\"currentColor\" class=\"w-6 h-6\">...</svg> is not clickable at point (1431, 147). Other element would receive the click: <svg _ngcontent-riu-c188=\"\" xmlns=\"http://www.w3.org/2000/svg\" fill=\"none\" viewBox=\"0 0 24 24\" stroke-width=\"1.5\" stroke=\"currentColor\" class=\"w-6 h-6\">...</svg>\n  (Session info: chrome=117.0.5938.92)\nStacktrace:\n\tGetHandleVerifier [0x00007FF6BAB77892+54818]\n\t(No symbol) [0x00007FF6BAAE6AC2]\n\t(No symbol) [0x00007FF6BA99DA3B]\n\t(No symbol) [0x00007FF6BA9E47CB]\n\t(No symbol) [0x00007FF6BA9E2B99]\n\t(No symbol) [0x00007FF6BA9E0968]\n\t(No symbol) [0x00007FF6BA9DFA23]\n\t(No symbol) [0x00007FF6BA9D571F]\n\t(No symbol) [0x00007FF6BA9FEAAA]\n\t(No symbol) [0x00007FF6BA9D5036]\n\t(No symbol) [0x00007FF6BA9FECC0]\n\t(No symbol) [0x00007FF6BAA175A2]\n\t(No symbol) [0x00007FF6BA9FE883]\n\t(No symbol) [0x00007FF6BA9D3691]\n\t(No symbol) [0x00007FF6BA9D48D4]\n\tGetHandleVerifier [0x00007FF6BAEDB992+3610402]\n\tGetHandleVerifier [0x00007FF6BAF31860+3962352]\n\tGetHandleVerifier [0x00007FF6BAF29D4F+3930847]\n\tGetHandleVerifier [0x00007FF6BAC13646+693206]\n\t(No symbol) [0x00007FF6BAAF1628]\n\t(No symbol) [0x00007FF6BAAED934]\n\t(No symbol) [0x00007FF6BAAEDA62]\n\t(No symbol) [0x00007FF6BAADE113]\n\tBaseThreadInitThunk [0x00007FFEE1EE257D+29]\n\tRtlUserThreadStart [0x00007FFEE252AA68+40]\n\n", "trace": "  File \"C:\\Users\\abzalhussain\\PycharmProjects\\propflo_userRoles\\venv\\Lib\\site-packages\\behave\\model.py\", line 1329, in run\n    match.run(runner.context)\n  File \"C:\\Users\\abzalhussain\\PycharmProjects\\propflo_userRoles\\venv\\Lib\\site-packages\\behave\\matchers.py\", line 98, in run\n    self.func(context, *args, **kwargs)\n  File \"features\\steps\\Users.py\", line 416, in step_impl\n    context.driver.find_element(By.XPATH, f\"//table/tbody/tr[{j}]/td[6]/div/*\").click()\n  File \"C:\\Users\\abzalhussain\\AppData\\Local\\Programs\\Python\\Python311\\Lib\\site-packages\\selenium\\webdriver\\remote\\webelement.py\", line 94, in click\n    self._execute(Command.CLICK_ELEMENT)\n  File \"C:\\Users\\abzalhussain\\AppData\\Local\\Programs\\Python\\Python311\\Lib\\site-packages\\selenium\\webdriver\\remote\\webelement.py\", line 395, in _execute\n    return self._parent.execute(command, params)\n           ^^^^^^^^^^^^^^^^^^^^^^^^^^^^^^^^^^^^^\n  File \"C:\\Users\\abzalhussain\\AppData\\Local\\Programs\\Python\\Python311\\Lib\\site-packages\\selenium\\webdriver\\remote\\webdriver.py\", line 345, in execute\n    self.error_handler.check_response(response)\n  File \"C:\\Users\\abzalhussain\\AppData\\Local\\Programs\\Python\\Python311\\Lib\\site-packages\\selenium\\webdriver\\remote\\errorhandler.py\", line 229, in check_response\n    raise exception_class(message, screen, stacktrace)\n"}, "attachments": [{"name": "failed_screenshot", "source": "abf8da2c-03fb-4444-a9cd-66cba320533c-attachment.png", "type": "image/png"}], "start": 1695904615656, "stop": 1695904617019}, {"name": "And select Reportie and click save", "status": "skipped", "start": 1695904617020, "stop": 1695904617021}, {"name": "Then validate with toaster message", "status": "skipped", "start": 1695904617021, "stop": 1695904617021}], "start": 1695904615656, "stop": 1695904617021, "uuid": "0f3dca24-681b-4496-98cb-8552f4f3b287", "historyId": "ae5aad4a1066251ad99c033fa23340e0", "fullName": "checking functionalities in users section under ->user management: Add reporties to enable user and validate", "labels": [{"name": "severity", "value": "normal"}, {"name": "feature", "value": "checking functionalities in users section under ->user management"}, {"name": "framework", "value": "behave"}, {"name": "language", "value": "cpython3"}]}